<?xml version="1.0" encoding="UTF-8"?>
<testsuite xmlns:xsi="http://www.w3.org/2001/XMLSchema-instance" xsi:noNamespaceSchemaLocation="https://maven.apache.org/surefire/maven-surefire-plugin/xsd/surefire-test-report.xsd" name="org.openehr.AppTest" time="0.028" tests="1" errors="0" skipped="0" failures="0">
  <properties>
    <property name="awt.toolkit" value="sun.awt.X11.XToolkit"/>
    <property name="file.encoding.pkg" value="sun.io"/>
    <property name="java.specification.version" value="1.8"/>
    <property name="sun.cpu.isalist" value=""/>
    <property name="sun.jnu.encoding" value="UTF-8"/>
    <property name="java.class.path" value="/home/pablo/GitHub/openehr-cnf-tests-java/target/test-classes:/home/pablo/GitHub/openehr-cnf-tests-java/target/classes:/home/pablo/.m2/repository/junit/junit/4.11/junit-4.11.jar:/home/pablo/.m2/repository/org/hamcrest/hamcrest-core/1.3/hamcrest-core-1.3.jar:/home/pablo/.m2/repository/io/cucumber/cucumber-java8/4.2.0/cucumber-java8-4.2.0.jar:/home/pablo/.m2/repository/io/cucumber/cucumber-java/4.2.0/cucumber-java-4.2.0.jar:/home/pablo/.m2/repository/net/jodah/typetools/0.5.0/typetools-0.5.0.jar:/home/pablo/.m2/repository/io/cucumber/cucumber-picocontainer/4.2.0/cucumber-picocontainer-4.2.0.jar:/home/pablo/.m2/repository/io/cucumber/gherkin/5.1.0/gherkin-5.1.0.jar:/home/pablo/.m2/repository/org/picocontainer/picocontainer/2.15/picocontainer-2.15.jar:/home/pablo/.m2/repository/io/cucumber/cucumber-junit/4.2.0/cucumber-junit-4.2.0.jar:/home/pablo/.m2/repository/io/cucumber/cucumber-core/4.2.0/cucumber-core-4.2.0.jar:/home/pablo/.m2/repository/io/cucumber/cucumber-html/0.2.7/cucumber-html-0.2.7.jar:/home/pablo/.m2/repository/io/cucumber/tag-expressions/1.1.1/tag-expressions-1.1.1.jar:/home/pablo/.m2/repository/io/cucumber/cucumber-expressions/6.2.0/cucumber-expressions-6.2.0.jar:/home/pablo/.m2/repository/io/cucumber/datatable/1.1.7/datatable-1.1.7.jar:/home/pablo/.m2/repository/io/cucumber/datatable-dependencies/1.1.7/datatable-dependencies-1.1.7.jar:"/>
    <property name="java.vm.vendor" value="Oracle Corporation"/>
    <property name="sun.arch.data.model" value="64"/>
    <property name="java.vendor.url" value="http://java.oracle.com/"/>
    <property name="user.timezone" value=""/>
    <property name="java.vm.specification.version" value="1.8"/>
    <property name="os.name" value="Linux"/>
    <property name="user.country" value="US"/>
    <property name="sun.java.launcher" value="SUN_STANDARD"/>
    <property name="sun.boot.library.path" value="/home/pablo/.sdkman/candidates/java/8u161-oracle/jre/lib/amd64"/>
    <property name="sun.java.command" value="/home/pablo/GitHub/openehr-cnf-tests-java/target/surefire/surefirebooter13368977456478727.jar /home/pablo/GitHub/openehr-cnf-tests-java/target/surefire 2018-12-28T01-16-50_378-jvmRun1 surefire7919654459436898975tmp surefire_02826744916160937631tmp"/>
    <property name="surefire.test.class.path" value="/home/pablo/GitHub/openehr-cnf-tests-java/target/test-classes:/home/pablo/GitHub/openehr-cnf-tests-java/target/classes:/home/pablo/.m2/repository/junit/junit/4.11/junit-4.11.jar:/home/pablo/.m2/repository/org/hamcrest/hamcrest-core/1.3/hamcrest-core-1.3.jar:/home/pablo/.m2/repository/io/cucumber/cucumber-java8/4.2.0/cucumber-java8-4.2.0.jar:/home/pablo/.m2/repository/io/cucumber/cucumber-java/4.2.0/cucumber-java-4.2.0.jar:/home/pablo/.m2/repository/net/jodah/typetools/0.5.0/typetools-0.5.0.jar:/home/pablo/.m2/repository/io/cucumber/cucumber-picocontainer/4.2.0/cucumber-picocontainer-4.2.0.jar:/home/pablo/.m2/repository/io/cucumber/gherkin/5.1.0/gherkin-5.1.0.jar:/home/pablo/.m2/repository/org/picocontainer/picocontainer/2.15/picocontainer-2.15.jar:/home/pablo/.m2/repository/io/cucumber/cucumber-junit/4.2.0/cucumber-junit-4.2.0.jar:/home/pablo/.m2/repository/io/cucumber/cucumber-core/4.2.0/cucumber-core-4.2.0.jar:/home/pablo/.m2/repository/io/cucumber/cucumber-html/0.2.7/cucumber-html-0.2.7.jar:/home/pablo/.m2/repository/io/cucumber/tag-expressions/1.1.1/tag-expressions-1.1.1.jar:/home/pablo/.m2/repository/io/cucumber/cucumber-expressions/6.2.0/cucumber-expressions-6.2.0.jar:/home/pablo/.m2/repository/io/cucumber/datatable/1.1.7/datatable-1.1.7.jar:/home/pablo/.m2/repository/io/cucumber/datatable-dependencies/1.1.7/datatable-dependencies-1.1.7.jar:"/>
    <property name="sun.cpu.endian" value="little"/>
    <property name="user.home" value="/home/pablo"/>
    <property name="user.language" value="en"/>
    <property name="java.specification.vendor" value="Oracle Corporation"/>
    <property name="java.home" value="/home/pablo/.sdkman/candidates/java/8u161-oracle/jre"/>
    <property name="basedir" value="/home/pablo/GitHub/openehr-cnf-tests-java"/>
    <property name="file.separator" value="/"/>
    <property name="line.separator" value="&#10;"/>
    <property name="java.vm.specification.vendor" value="Oracle Corporation"/>
    <property name="java.specification.name" value="Java Platform API Specification"/>
    <property name="java.awt.graphicsenv" value="sun.awt.X11GraphicsEnvironment"/>
    <property name="surefire.real.class.path" value="/home/pablo/GitHub/openehr-cnf-tests-java/target/surefire/surefirebooter13368977456478727.jar"/>
    <property name="sun.boot.class.path" value="/home/pablo/.sdkman/candidates/java/8u161-oracle/jre/lib/resources.jar:/home/pablo/.sdkman/candidates/java/8u161-oracle/jre/lib/rt.jar:/home/pablo/.sdkman/candidates/java/8u161-oracle/jre/lib/sunrsasign.jar:/home/pablo/.sdkman/candidates/java/8u161-oracle/jre/lib/jsse.jar:/home/pablo/.sdkman/candidates/java/8u161-oracle/jre/lib/jce.jar:/home/pablo/.sdkman/candidates/java/8u161-oracle/jre/lib/charsets.jar:/home/pablo/.sdkman/candidates/java/8u161-oracle/jre/lib/jfr.jar:/home/pablo/.sdkman/candidates/java/8u161-oracle/jre/classes"/>
    <property name="sun.management.compiler" value="HotSpot 64-Bit Tiered Compilers"/>
    <property name="java.runtime.version" value="1.8.0_161-b12"/>
    <property name="user.name" value="pablo"/>
    <property name="path.separator" value=":"/>
    <property name="os.version" value="4.4.0-137-generic"/>
    <property name="java.endorsed.dirs" value="/home/pablo/.sdkman/candidates/java/8u161-oracle/jre/lib/endorsed"/>
    <property name="java.runtime.name" value="Java(TM) SE Runtime Environment"/>
    <property name="file.encoding" value="UTF-8"/>
    <property name="java.vm.name" value="Java HotSpot(TM) 64-Bit Server VM"/>
    <property name="localRepository" value="/home/pablo/.m2/repository"/>
    <property name="java.vendor.url.bug" value="http://bugreport.sun.com/bugreport/"/>
    <property name="java.io.tmpdir" value="/tmp"/>
    <property name="java.version" value="1.8.0_161"/>
    <property name="user.dir" value="/home/pablo/GitHub/openehr-cnf-tests-java"/>
    <property name="os.arch" value="amd64"/>
    <property name="java.vm.specification.name" value="Java Virtual Machine Specification"/>
    <property name="java.awt.printerjob" value="sun.print.PSPrinterJob"/>
    <property name="sun.os.patch.level" value="unknown"/>
    <property name="java.library.path" value="/usr/java/packages/lib/amd64:/usr/lib64:/lib64:/lib:/usr/lib"/>
    <property name="java.vm.info" value="mixed mode"/>
    <property name="java.vendor" value="Oracle Corporation"/>
    <property name="java.vm.version" value="25.161-b12"/>
    <property name="java.ext.dirs" value="/home/pablo/.sdkman/candidates/java/8u161-oracle/jre/lib/ext:/usr/java/packages/lib/ext"/>
    <property name="sun.io.unicode.encoding" value="UnicodeLittle"/>
    <property name="java.class.version" value="52.0"/>
  </properties>
  <testcase name="shouldAnswerWithTrue" classname="org.openehr.AppTest" time="0.003"/>
</testsuite>